Determining if the pthread_create exist failed with the following output:
Change Dir: /home/paaddy/libsumo/build/CMakeFiles/CMakeTmp

Run Build Command:/usr/bin/make "cmTryCompileExec3745071556/fast"
/usr/bin/make -f CMakeFiles/cmTryCompileExec3745071556.dir/build.make CMakeFiles/cmTryCompileExec3745071556.dir/build
make[1]: Verzeichnis »/home/paaddy/libsumo/build/CMakeFiles/CMakeTmp« wird betreten
/usr/bin/cmake -E cmake_progress_report /home/paaddy/libsumo/build/CMakeFiles/CMakeTmp/CMakeFiles 1
Building C object CMakeFiles/cmTryCompileExec3745071556.dir/CheckSymbolExists.c.o
/usr/bin/cc    -o CMakeFiles/cmTryCompileExec3745071556.dir/CheckSymbolExists.c.o   -c /home/paaddy/libsumo/build/CMakeFiles/CMakeTmp/CheckSymbolExists.c
Linking C executable cmTryCompileExec3745071556
/usr/bin/cmake -E cmake_link_script CMakeFiles/cmTryCompileExec3745071556.dir/link.txt --verbose=1
/usr/bin/cc       CMakeFiles/cmTryCompileExec3745071556.dir/CheckSymbolExists.c.o  -o cmTryCompileExec3745071556 -rdynamic 
CMakeFiles/cmTryCompileExec3745071556.dir/CheckSymbolExists.c.o: In Funktion `main':
CheckSymbolExists.c:(.text+0x16): Nicht definierter Verweis auf `pthread_create'
make[1]: Verzeichnis »/home/paaddy/libsumo/build/CMakeFiles/CMakeTmp« wird verlassen
collect2: error: ld returned 1 exit status
make[1]: *** [cmTryCompileExec3745071556] Fehler 1
make: *** [cmTryCompileExec3745071556/fast] Fehler 2

File /home/paaddy/libsumo/build/CMakeFiles/CMakeTmp/CheckSymbolExists.c:
/* */
#include <pthread.h>

int main(int argc, char** argv)
{
  (void)argv;
#ifndef pthread_create
  return ((int*)(&pthread_create))[argc];
#else
  (void)argc;
  return 0;
#endif
}

Determining if the function pthread_create exists in the pthreads failed with the following output:
Change Dir: /home/paaddy/libsumo/build/CMakeFiles/CMakeTmp

Run Build Command:/usr/bin/make "cmTryCompileExec3029773109/fast"
/usr/bin/make -f CMakeFiles/cmTryCompileExec3029773109.dir/build.make CMakeFiles/cmTryCompileExec3029773109.dir/build
make[1]: Verzeichnis »/home/paaddy/libsumo/build/CMakeFiles/CMakeTmp« wird betreten
/usr/bin/cmake -E cmake_progress_report /home/paaddy/libsumo/build/CMakeFiles/CMakeTmp/CMakeFiles 1
Building C object CMakeFiles/cmTryCompileExec3029773109.dir/CheckFunctionExists.c.o
/usr/bin/cc   -DCHECK_FUNCTION_EXISTS=pthread_create   -o CMakeFiles/cmTryCompileExec3029773109.dir/CheckFunctionExists.c.o   -c /usr/share/cmake-2.8/Modules/CheckFunctionExists.c
Linking C executable cmTryCompileExec3029773109
/usr/bin/cmake -E cmake_link_script CMakeFiles/cmTryCompileExec3029773109.dir/link.txt --verbose=1
/usr/bin/cc   -DCHECK_FUNCTION_EXISTS=pthread_create    CMakeFiles/cmTryCompileExec3029773109.dir/CheckFunctionExists.c.o  -o cmTryCompileExec3029773109 -rdynamic -lpthreads 
/usr/bin/ld: cannot find -lpthreads
collect2: error: ld returned 1 exit status
make[1]: Verzeichnis »/home/paaddy/libsumo/build/CMakeFiles/CMakeTmp« wird verlassen
make[1]: *** [cmTryCompileExec3029773109] Fehler 1
make: *** [cmTryCompileExec3029773109/fast] Fehler 2


Determining if the Q_WS_WIN exist failed with the following output:
Change Dir: /home/paaddy/libsumo/build/CMakeFiles/CMakeTmp

Run Build Command:/usr/bin/make "cmTryCompileExec3604093438/fast"
/usr/bin/make -f CMakeFiles/cmTryCompileExec3604093438.dir/build.make CMakeFiles/cmTryCompileExec3604093438.dir/build
make[1]: Verzeichnis »/home/paaddy/libsumo/build/CMakeFiles/CMakeTmp« wird betreten
/usr/bin/cmake -E cmake_progress_report /home/paaddy/libsumo/build/CMakeFiles/CMakeTmp/CMakeFiles 1
Building CXX object CMakeFiles/cmTryCompileExec3604093438.dir/CheckSymbolExists.cxx.o
/usr/bin/c++    -std=c++11 -Wall -Wextra  -I/usr/include/qt4    -o CMakeFiles/cmTryCompileExec3604093438.dir/CheckSymbolExists.cxx.o -c /home/paaddy/libsumo/build/CMakeFiles/CMakeTmp/CheckSymbolExists.cxx
/home/paaddy/libsumo/build/CMakeFiles/CMakeTmp/CheckSymbolExists.cxx: In function ‘int main(int, char**)’:
/home/paaddy/libsumo/build/CMakeFiles/CMakeTmp/CheckSymbolExists.cxx:8:19: error: ‘Q_WS_WIN’ was not declared in this scope
   return ((int*)(&Q_WS_WIN))[argc];
                   ^
make[1]: Verzeichnis »/home/paaddy/libsumo/build/CMakeFiles/CMakeTmp« wird verlassen
make[1]: *** [CMakeFiles/cmTryCompileExec3604093438.dir/CheckSymbolExists.cxx.o] Fehler 1
make: *** [cmTryCompileExec3604093438/fast] Fehler 2

File /home/paaddy/libsumo/build/CMakeFiles/CMakeTmp/CheckSymbolExists.cxx:
/* */
#include <QtCore/qglobal.h>

int main(int argc, char** argv)
{
  (void)argv;
#ifndef Q_WS_WIN
  return ((int*)(&Q_WS_WIN))[argc];
#else
  (void)argc;
  return 0;
#endif
}

Determining if the Q_WS_QWS exist failed with the following output:
Change Dir: /home/paaddy/libsumo/build/CMakeFiles/CMakeTmp

Run Build Command:/usr/bin/make "cmTryCompileExec3901626251/fast"
/usr/bin/make -f CMakeFiles/cmTryCompileExec3901626251.dir/build.make CMakeFiles/cmTryCompileExec3901626251.dir/build
make[1]: Verzeichnis »/home/paaddy/libsumo/build/CMakeFiles/CMakeTmp« wird betreten
/usr/bin/cmake -E cmake_progress_report /home/paaddy/libsumo/build/CMakeFiles/CMakeTmp/CMakeFiles 1
Building CXX object CMakeFiles/cmTryCompileExec3901626251.dir/CheckSymbolExists.cxx.o
/usr/bin/c++    -std=c++11 -Wall -Wextra  -I/usr/include/qt4    -o CMakeFiles/cmTryCompileExec3901626251.dir/CheckSymbolExists.cxx.o -c /home/paaddy/libsumo/build/CMakeFiles/CMakeTmp/CheckSymbolExists.cxx
/home/paaddy/libsumo/build/CMakeFiles/CMakeTmp/CheckSymbolExists.cxx: In function ‘int main(int, char**)’:
/home/paaddy/libsumo/build/CMakeFiles/CMakeTmp/CheckSymbolExists.cxx:8:19: error: ‘Q_WS_QWS’ was not declared in this scope
   return ((int*)(&Q_WS_QWS))[argc];
                   ^
make[1]: Verzeichnis »/home/paaddy/libsumo/build/CMakeFiles/CMakeTmp« wird verlassen
make[1]: *** [CMakeFiles/cmTryCompileExec3901626251.dir/CheckSymbolExists.cxx.o] Fehler 1
make: *** [cmTryCompileExec3901626251/fast] Fehler 2

File /home/paaddy/libsumo/build/CMakeFiles/CMakeTmp/CheckSymbolExists.cxx:
/* */
#include <QtCore/qglobal.h>

int main(int argc, char** argv)
{
  (void)argv;
#ifndef Q_WS_QWS
  return ((int*)(&Q_WS_QWS))[argc];
#else
  (void)argc;
  return 0;
#endif
}

Determining if the Q_WS_MAC exist failed with the following output:
Change Dir: /home/paaddy/libsumo/build/CMakeFiles/CMakeTmp

Run Build Command:/usr/bin/make "cmTryCompileExec515106184/fast"
/usr/bin/make -f CMakeFiles/cmTryCompileExec515106184.dir/build.make CMakeFiles/cmTryCompileExec515106184.dir/build
make[1]: Verzeichnis »/home/paaddy/libsumo/build/CMakeFiles/CMakeTmp« wird betreten
/usr/bin/cmake -E cmake_progress_report /home/paaddy/libsumo/build/CMakeFiles/CMakeTmp/CMakeFiles 1
Building CXX object CMakeFiles/cmTryCompileExec515106184.dir/CheckSymbolExists.cxx.o
/usr/bin/c++    -std=c++11 -Wall -Wextra  -I/usr/include/qt4    -o CMakeFiles/cmTryCompileExec515106184.dir/CheckSymbolExists.cxx.o -c /home/paaddy/libsumo/build/CMakeFiles/CMakeTmp/CheckSymbolExists.cxx
/home/paaddy/libsumo/build/CMakeFiles/CMakeTmp/CheckSymbolExists.cxx: In function ‘int main(int, char**)’:
/home/paaddy/libsumo/build/CMakeFiles/CMakeTmp/CheckSymbolExists.cxx:8:19: error: ‘Q_WS_MAC’ was not declared in this scope
   return ((int*)(&Q_WS_MAC))[argc];
                   ^
make[1]: Verzeichnis »/home/paaddy/libsumo/build/CMakeFiles/CMakeTmp« wird verlassen
make[1]: *** [CMakeFiles/cmTryCompileExec515106184.dir/CheckSymbolExists.cxx.o] Fehler 1
make: *** [cmTryCompileExec515106184/fast] Fehler 2

File /home/paaddy/libsumo/build/CMakeFiles/CMakeTmp/CheckSymbolExists.cxx:
/* */
#include <QtCore/qglobal.h>

int main(int argc, char** argv)
{
  (void)argv;
#ifndef Q_WS_MAC
  return ((int*)(&Q_WS_MAC))[argc];
#else
  (void)argc;
  return 0;
#endif
}

